2020-09-28 17:33:29.377  INFO 1304 --- [restartedMain] c.c.e.TransactionServiceApplication      : No active profile set, falling back to default profiles: default
2020-09-28 17:33:30.773  WARN 1304 --- [restartedMain] o.s.boot.actuate.endpoint.EndpointId     : Endpoint ID 'service-registry' contains invalid characters, please migrate to a valid format.
2020-09-28 17:33:32.308  WARN 1304 --- [restartedMain] c.n.c.sources.URLConfigurationSource     : No URLs will be polled as dynamic configuration sources.
2020-09-28 17:33:32.821  WARN 1304 --- [restartedMain] c.n.c.sources.URLConfigurationSource     : No URLs will be polled as dynamic configuration sources.
2020-09-28 17:33:32.900  WARN 1304 --- [restartedMain] JpaBaseConfiguration$JpaWebConfiguration : spring.jpa.open-in-view is enabled by default. Therefore, database queries may be performed during view rendering. Explicitly configure spring.jpa.open-in-view to disable this warning
2020-09-28 17:33:34.876  WARN 1304 --- [restartedMain] ockingLoadBalancerClientRibbonWarnLogger : You already have RibbonLoadBalancerClient on your classpath. It will be used by default. As Spring Cloud Ribbon is in maintenance mode. We recommend switching to BlockingLoadBalancerClient instead. In order to use it, set the value of `spring.cloud.loadbalancer.ribbon.enabled` to `false` or remove spring-cloud-starter-netflix-ribbon from your project.
2020-09-28 17:33:37.754  INFO 1304 --- [restartedMain] c.c.e.TransactionServiceApplication      : Started TransactionServiceApplication in 10.334 seconds (JVM running for 12.199)
2020-09-28 17:36:36.917  WARN 1304 --- [RMI TCP Connection(2)-127.0.0.1] com.netflix.discovery.DiscoveryClient    : Saw local status change event StatusChangeEvent [timestamp=1601294796917, current=DOWN, previous=UP]
2020-09-28 17:36:37.210  WARN 1304 --- [RMI TCP Connection(2)-127.0.0.1] o.a.c.loader.WebappClassLoaderBase       : The web application [ROOT] appears to have started a thread named [MVStore background writer nio:C:/Users/prave/TransactionService.mv.db] but has failed to stop it. This is very likely to create a memory leak. Stack trace of thread:
 java.lang.Object.wait(Native Method)
 org.h2.mvstore.MVStore$BackgroundWriterThread.run(MVStore.java:3283)
2020-09-28 17:36:37.212  WARN 1304 --- [RMI TCP Connection(2)-127.0.0.1] o.a.c.loader.WebappClassLoaderBase       : The web application [ROOT] appears to have started a thread named [HikariPool-1 housekeeper] but has failed to stop it. This is very likely to create a memory leak. Stack trace of thread:
 sun.misc.Unsafe.park(Native Method)
 java.util.concurrent.locks.LockSupport.parkNanos(LockSupport.java:215)
 java.util.concurrent.locks.AbstractQueuedSynchronizer$ConditionObject.awaitNanos(AbstractQueuedSynchronizer.java:2078)
 java.util.concurrent.ScheduledThreadPoolExecutor$DelayedWorkQueue.take(ScheduledThreadPoolExecutor.java:1093)
 java.util.concurrent.ScheduledThreadPoolExecutor$DelayedWorkQueue.take(ScheduledThreadPoolExecutor.java:809)
 java.util.concurrent.ThreadPoolExecutor.getTask(ThreadPoolExecutor.java:1074)
 java.util.concurrent.ThreadPoolExecutor.runWorker(ThreadPoolExecutor.java:1134)
 java.util.concurrent.ThreadPoolExecutor$Worker.run(ThreadPoolExecutor.java:624)
 java.lang.Thread.run(Thread.java:748)
2020-09-28 18:19:11.502  INFO 11352 --- [main] c.c.e.TransactionServiceApplicationTests : No active profile set, falling back to default profiles: default
2020-09-28 18:19:15.308  WARN 11352 --- [main] c.n.c.sources.URLConfigurationSource     : No URLs will be polled as dynamic configuration sources.
2020-09-28 18:19:15.321  WARN 11352 --- [main] c.n.c.sources.URLConfigurationSource     : No URLs will be polled as dynamic configuration sources.
2020-09-28 18:19:15.524  WARN 11352 --- [main] JpaBaseConfiguration$JpaWebConfiguration : spring.jpa.open-in-view is enabled by default. Therefore, database queries may be performed during view rendering. Explicitly configure spring.jpa.open-in-view to disable this warning
2020-09-28 18:19:17.745  WARN 11352 --- [main] ockingLoadBalancerClientRibbonWarnLogger : You already have RibbonLoadBalancerClient on your classpath. It will be used by default. As Spring Cloud Ribbon is in maintenance mode. We recommend switching to BlockingLoadBalancerClient instead. In order to use it, set the value of `spring.cloud.loadbalancer.ribbon.enabled` to `false` or remove spring-cloud-starter-netflix-ribbon from your project.
2020-09-28 18:19:17.918  WARN 11352 --- [main] arterDeprecationWarningAutoConfiguration : spring-cloud-starter-eureka is deprecated as of Spring Cloud Netflix 1.4.0, please migrate to spring-cloud-starter-netflix-eureka
2020-09-28 18:19:20.051  INFO 11352 --- [main] c.c.e.TransactionServiceApplicationTests : Started TransactionServiceApplicationTests in 9.891 seconds (JVM running for 11.501)
2020-09-28 18:19:20.276  WARN 11352 --- [SpringContextShutdownHook] com.netflix.discovery.DiscoveryClient    : Saw local status change event StatusChangeEvent [timestamp=1601297360276, current=DOWN, previous=UP]
2020-09-28 18:20:07.293  INFO 4548 --- [main] c.c.e.TransactionServiceApplicationTests : No active profile set, falling back to default profiles: default
2020-09-28 18:20:11.139  WARN 4548 --- [main] c.n.c.sources.URLConfigurationSource     : No URLs will be polled as dynamic configuration sources.
2020-09-28 18:20:11.152  WARN 4548 --- [main] c.n.c.sources.URLConfigurationSource     : No URLs will be polled as dynamic configuration sources.
2020-09-28 18:20:11.371  WARN 4548 --- [main] JpaBaseConfiguration$JpaWebConfiguration : spring.jpa.open-in-view is enabled by default. Therefore, database queries may be performed during view rendering. Explicitly configure spring.jpa.open-in-view to disable this warning
2020-09-28 18:20:13.843  WARN 4548 --- [main] ockingLoadBalancerClientRibbonWarnLogger : You already have RibbonLoadBalancerClient on your classpath. It will be used by default. As Spring Cloud Ribbon is in maintenance mode. We recommend switching to BlockingLoadBalancerClient instead. In order to use it, set the value of `spring.cloud.loadbalancer.ribbon.enabled` to `false` or remove spring-cloud-starter-netflix-ribbon from your project.
2020-09-28 18:20:13.965  WARN 4548 --- [main] arterDeprecationWarningAutoConfiguration : spring-cloud-starter-eureka is deprecated as of Spring Cloud Netflix 1.4.0, please migrate to spring-cloud-starter-netflix-eureka
2020-09-28 18:20:16.083  INFO 4548 --- [main] c.c.e.TransactionServiceApplicationTests : Started TransactionServiceApplicationTests in 10.275 seconds (JVM running for 11.752)
2020-09-28 18:20:16.284  WARN 4548 --- [SpringContextShutdownHook] com.netflix.discovery.DiscoveryClient    : Saw local status change event StatusChangeEvent [timestamp=1601297416284, current=DOWN, previous=UP]
2020-09-28 18:25:57.361  INFO 11464 --- [main] c.c.e.TransactionServiceApplicationTests : No active profile set, falling back to default profiles: default
2020-09-28 18:26:01.567  WARN 11464 --- [main] c.n.c.sources.URLConfigurationSource     : No URLs will be polled as dynamic configuration sources.
2020-09-28 18:26:01.615  WARN 11464 --- [main] c.n.c.sources.URLConfigurationSource     : No URLs will be polled as dynamic configuration sources.
2020-09-28 18:26:01.878  WARN 11464 --- [main] JpaBaseConfiguration$JpaWebConfiguration : spring.jpa.open-in-view is enabled by default. Therefore, database queries may be performed during view rendering. Explicitly configure spring.jpa.open-in-view to disable this warning
2020-09-28 18:26:05.291  WARN 11464 --- [main] ockingLoadBalancerClientRibbonWarnLogger : You already have RibbonLoadBalancerClient on your classpath. It will be used by default. As Spring Cloud Ribbon is in maintenance mode. We recommend switching to BlockingLoadBalancerClient instead. In order to use it, set the value of `spring.cloud.loadbalancer.ribbon.enabled` to `false` or remove spring-cloud-starter-netflix-ribbon from your project.
2020-09-28 18:26:05.825  WARN 11464 --- [main] arterDeprecationWarningAutoConfiguration : spring-cloud-starter-eureka is deprecated as of Spring Cloud Netflix 1.4.0, please migrate to spring-cloud-starter-netflix-eureka
2020-09-28 18:26:08.253  INFO 11464 --- [main] c.c.e.TransactionServiceApplicationTests : Started TransactionServiceApplicationTests in 12.298 seconds (JVM running for 14.105)
2020-09-28 18:26:08.632  WARN 11464 --- [SpringContextShutdownHook] com.netflix.discovery.DiscoveryClient    : Saw local status change event StatusChangeEvent [timestamp=1601297768632, current=DOWN, previous=UP]
2020-09-28 18:33:40.467  INFO 7164 --- [main] c.c.e.TransactionServiceApplicationTests : No active profile set, falling back to default profiles: default
2020-09-28 18:33:43.263  WARN 7164 --- [main] c.n.c.sources.URLConfigurationSource     : No URLs will be polled as dynamic configuration sources.
2020-09-28 18:33:43.272  WARN 7164 --- [main] c.n.c.sources.URLConfigurationSource     : No URLs will be polled as dynamic configuration sources.
2020-09-28 18:33:43.402  WARN 7164 --- [main] JpaBaseConfiguration$JpaWebConfiguration : spring.jpa.open-in-view is enabled by default. Therefore, database queries may be performed during view rendering. Explicitly configure spring.jpa.open-in-view to disable this warning
2020-09-28 18:33:45.624  WARN 7164 --- [main] ockingLoadBalancerClientRibbonWarnLogger : You already have RibbonLoadBalancerClient on your classpath. It will be used by default. As Spring Cloud Ribbon is in maintenance mode. We recommend switching to BlockingLoadBalancerClient instead. In order to use it, set the value of `spring.cloud.loadbalancer.ribbon.enabled` to `false` or remove spring-cloud-starter-netflix-ribbon from your project.
2020-09-28 18:33:45.705  WARN 7164 --- [main] arterDeprecationWarningAutoConfiguration : spring-cloud-starter-eureka is deprecated as of Spring Cloud Netflix 1.4.0, please migrate to spring-cloud-starter-netflix-eureka
2020-09-28 18:33:47.313  INFO 7164 --- [main] c.c.e.TransactionServiceApplicationTests : Started TransactionServiceApplicationTests in 7.853 seconds (JVM running for 9.018)
2020-09-28 18:33:47.434  WARN 7164 --- [SpringContextShutdownHook] com.netflix.discovery.DiscoveryClient    : Saw local status change event StatusChangeEvent [timestamp=1601298227434, current=DOWN, previous=UP]
2020-09-28 18:40:34.324  INFO 16512 --- [main] c.c.e.TransactionServiceApplicationTests : No active profile set, falling back to default profiles: default
2020-09-28 18:40:36.894  WARN 16512 --- [main] c.n.c.sources.URLConfigurationSource     : No URLs will be polled as dynamic configuration sources.
2020-09-28 18:40:36.902  WARN 16512 --- [main] c.n.c.sources.URLConfigurationSource     : No URLs will be polled as dynamic configuration sources.
2020-09-28 18:40:37.013  WARN 16512 --- [main] JpaBaseConfiguration$JpaWebConfiguration : spring.jpa.open-in-view is enabled by default. Therefore, database queries may be performed during view rendering. Explicitly configure spring.jpa.open-in-view to disable this warning
2020-09-28 18:40:38.911  WARN 16512 --- [main] ockingLoadBalancerClientRibbonWarnLogger : You already have RibbonLoadBalancerClient on your classpath. It will be used by default. As Spring Cloud Ribbon is in maintenance mode. We recommend switching to BlockingLoadBalancerClient instead. In order to use it, set the value of `spring.cloud.loadbalancer.ribbon.enabled` to `false` or remove spring-cloud-starter-netflix-ribbon from your project.
2020-09-28 18:40:39.003  WARN 16512 --- [main] arterDeprecationWarningAutoConfiguration : spring-cloud-starter-eureka is deprecated as of Spring Cloud Netflix 1.4.0, please migrate to spring-cloud-starter-netflix-eureka
2020-09-28 18:40:40.572  INFO 16512 --- [main] c.c.e.TransactionServiceApplicationTests : Started TransactionServiceApplicationTests in 7.321 seconds (JVM running for 8.483)
2020-09-28 18:40:40.755  WARN 16512 --- [SpringContextShutdownHook] com.netflix.discovery.DiscoveryClient    : Saw local status change event StatusChangeEvent [timestamp=1601298640755, current=DOWN, previous=UP]
